July 10, 2022 2:01:20 PM database.AutoDatabase <init>
INFO: Logger uspjesno inicijaliziran!
July 10, 2022 2:01:20 PM database.AutoDatabase <init>
INFO: AUTO DB inicijalizirana!
July 10, 2022 2:01:20 PM database.AutoDatabase getAllAutos
INFO: Citava baza pregledana!
July 10, 2022 2:01:21 PM database.AutoDatabase getAllAutos
INFO: Citava baza pregledana!
July 10, 2022 2:01:37 PM database.AutoDatabase getAllAutos
INFO: Citava baza pregledana!
July 10, 2022 2:01:37 PM database.AutoDatabase getAllAutos
INFO: Citava baza pregledana!
July 10, 2022 2:01:38 PM database.AutoDatabase getAllAutos
INFO: Citava baza pregledana!
July 10, 2022 2:01:39 PM database.AutoDatabase getAllAutos
INFO: Citava baza pregledana!
July 10, 2022 2:01:39 PM database.AutoDatabase getAllAutos
INFO: Citava baza pregledana!
July 10, 2022 2:01:40 PM database.AutoDatabase getAllAutos
INFO: Citava baza pregledana!
July 10, 2022 2:01:41 PM database.AutoDatabase getAllAutos
INFO: Citava baza pregledana!
July 10, 2022 2:01:41 PM database.AutoDatabase getAllAutos
INFO: Citava baza pregledana!
July 10, 2022 2:01:43 PM database.AutoDatabase remove
WARNING: Obrisao objekt (2021 Volkswagen Golf MK8)

July 10, 2022 2:01:43 PM database.AutoDatabase getAllAutos
INFO: Citava baza pregledana!
July 10, 2022 2:01:44 PM database.AutoDatabase remove
WARNING: Obrisao objekt (null)

July 10, 2022 2:01:52 PM database.AutoDatabase remove
WARNING: Obrisao objekt (2019 Ford Focus MK3.5)

July 10, 2022 2:01:52 PM database.AutoDatabase getAllAutos
INFO: Citava baza pregledana!
July 10, 2022 2:01:58 PM database.AutoDatabase remove
WARNING: Obrisao objekt (2015 Opel Astra)

July 10, 2022 2:01:58 PM database.AutoDatabase getAllAutos
INFO: Citava baza pregledana!
